<?xml version="1.0" encoding="UTF-8"?>
<testng-results ignored="0" total="3" passed="3" failed="0" skipped="0">
  <reporter-output>
  </reporter-output>
  <suite started-at="2023-04-13T03:44:00 PDT" name="ParallelExecution" finished-at="2023-04-13T03:44:43 PDT" duration-ms="42755">
    <groups>
    </groups>
    <test started-at="2023-04-13T03:44:00 PDT" name="ChromeTest" finished-at="2023-04-13T03:44:38 PDT" duration-ms="38489">
      <class name="sel1.CrossBr">
        <test-method is-config="true" signature="setup(java.lang.String)[pri:0, instance:sel1.CrossBr@359f7cdf]" started-at="2023-04-13T03:44:00 PDT" name="setup" finished-at="2023-04-13T03:44:14 PDT" duration-ms="13663" status="PASS">
          <params>
            <param index="0">
              <value>
                <![CDATA[chrome]]>
              </value>
            </param>
          </params>
          <reporter-output>
          </reporter-output>
        </test-method> <!-- setup -->
        <test-method signature="petStoreTC1()[pri:0, instance:sel1.CrossBr@359f7cdf]" started-at="2023-04-13T03:44:14 PDT" name="petStoreTC1" finished-at="2023-04-13T03:44:38 PDT" duration-ms="24764" status="PASS">
          <reporter-output>
          </reporter-output>
        </test-method> <!-- petStoreTC1 -->
      </class> <!-- sel1.CrossBr -->
    </test> <!-- ChromeTest -->
    <test started-at="2023-04-13T03:44:00 PDT" name="EdgeTest" finished-at="2023-04-13T03:44:39 PDT" duration-ms="38596">
      <class name="sel1.CrossBr">
        <test-method is-config="true" signature="setup(java.lang.String)[pri:0, instance:sel1.CrossBr@4466af20]" started-at="2023-04-13T03:44:00 PDT" name="setup" finished-at="2023-04-13T03:44:17 PDT" duration-ms="16767" status="PASS">
          <params>
            <param index="0">
              <value>
                <![CDATA[edge]]>
              </value>
            </param>
          </params>
          <reporter-output>
          </reporter-output>
        </test-method> <!-- setup -->
        <test-method signature="petStoreTC1()[pri:0, instance:sel1.CrossBr@4466af20]" started-at="2023-04-13T03:44:17 PDT" name="petStoreTC1" finished-at="2023-04-13T03:44:39 PDT" duration-ms="21825" status="PASS">
          <reporter-output>
          </reporter-output>
        </test-method> <!-- petStoreTC1 -->
      </class> <!-- sel1.CrossBr -->
    </test> <!-- EdgeTest -->
    <test started-at="2023-04-13T03:44:00 PDT" name="FirefoxTest" finished-at="2023-04-13T03:44:43 PDT" duration-ms="42728">
      <class name="sel1.CrossBr">
        <test-method is-config="true" signature="setup(java.lang.String)[pri:0, instance:sel1.CrossBr@7193666c]" started-at="2023-04-13T03:44:00 PDT" name="setup" finished-at="2023-04-13T03:44:18 PDT" duration-ms="18278" status="PASS">
          <params>
            <param index="0">
              <value>
                <![CDATA[firefox]]>
              </value>
            </param>
          </params>
          <reporter-output>
          </reporter-output>
        </test-method> <!-- setup -->
        <test-method signature="petStoreTC1()[pri:0, instance:sel1.CrossBr@7193666c]" started-at="2023-04-13T03:44:18 PDT" name="petStoreTC1" finished-at="2023-04-13T03:44:43 PDT" duration-ms="24440" status="PASS">
          <reporter-output>
          </reporter-output>
        </test-method> <!-- petStoreTC1 -->
      </class> <!-- sel1.CrossBr -->
    </test> <!-- FirefoxTest -->
  </suite> <!-- ParallelExecution -->
</testng-results>
